<?xml version="1.0" encoding="UTF-8"?>
<!-- Generated by org.testng.reporters.JUnitXMLReporter -->
<testsuite ignored="0" hostname="DESKTOP-JUVN070" failures="0" tests="3" name="Test" time="4.441" errors="0" timestamp="2024-03-09T12:25:32 CST">
  <testcase classname="allure_reporting.Allure_Reports" name="logoPresent" time="0.147"/>
  <testcase classname="allure_reporting.Allure_Reports" name="loginTest" time="1.797"/>
  <testcase classname="allure_reporting.Allure_Reports" name="registrationTest" time="0.001">
    <skipped/>
  </testcase> <!-- registrationTest -->
</testsuite> <!-- Test -->
