<?xml version="1.0" encoding="UTF-8"?>
<!-- Generated by org.testng.reporters.JUnitXMLReporter -->
<testsuite ignored="0" hostname="DESKTOP-JUVN070" failures="0" tests="9" name="Test" time="0.082" errors="0" timestamp="2024-03-02T18:31:44 CST">
  <testcase classname="batch_testing.Payment_Test" name="paymentInDollar" time="0.012"/>
  <testcase classname="batch_testing.Payment_Test" name="paymentInRupees" time="0.004"/>
  <testcase classname="batch_testing.Login_Test" name="loginByEmail" time="0.002"/>
  <testcase classname="batch_testing.Login_Test" name="loginByFacebook" time="0.002"/>
  <testcase classname="batch_testing.Login_Test" name="loginByTwitter" time="0.002"/>
  <testcase classname="batch_testing.Singup_Test" name="signUpByEmail" time="0.002"/>
  <testcase classname="batch_testing.Singup_Test" name="signUpByFacebook" time="0.001"/>
  <testcase classname="batch_testing.Singup_Test" name="signUpByTwitter" time="0.002"/>
  <testcase classname="batch_testing.Payment_Return_Test" name="paymentReturnTest" time="0.001"/>
</testsuite> <!-- Test -->
