<?xml version="1.0" encoding="UTF-8"?>
<!-- Generated by org.testng.reporters.JUnitXMLReporter -->
<testsuite ignored="0" hostname="DESKTOP-JUVN070" failures="0" tests="3" name="Test" time="0.009" errors="0" timestamp="2024-03-02T19:19:06 CST">
  <testcase classname="batch_testing.Payment_Test" name="paymentInDollar" time="0.001"/>
  <testcase classname="batch_testing.Payment_Test" name="paymentInRupees" time="0.001"/>
  <testcase classname="batch_testing.Payment_Return_Test" name="paymentReturnTest" time="0.001"/>
</testsuite> <!-- Test -->
