<?xml version="1.0" encoding="UTF-8"?>
<testng-results ignored="0" total="9" passed="9" failed="0" skipped="0">
  <reporter-output>
  </reporter-output>
  <suite started-at="2024-03-02T19:19:06 CST" name="MasterTestSuite" finished-at="2024-03-02T19:19:06 CST" duration-ms="0">
    <groups>
    </groups>
  </suite> <!-- MasterTestSuite -->
  <suite started-at="2024-03-02T19:19:06 CST" name="FunctionalTest" finished-at="2024-03-02T19:19:06 CST" duration-ms="9">
    <groups>
    </groups>
    <test started-at="2024-03-02T19:19:06 CST" name="Test" finished-at="2024-03-02T19:19:06 CST" duration-ms="9">
      <class name="batch_testing.Payment_Test">
        <test-method signature="paymentInDollar()[pri:0, instance:batch_testing.Payment_Test@8f4ea7c]" started-at="2024-03-02T19:19:06 CST" name="paymentInDollar" finished-at="2024-03-02T19:19:06 CST" duration-ms="1" status="PASS">
          <reporter-output>
          </reporter-output>
        </test-method> <!-- paymentInDollar -->
        <test-method signature="paymentInRupees()[pri:0, instance:batch_testing.Payment_Test@8f4ea7c]" started-at="2024-03-02T19:19:06 CST" name="paymentInRupees" finished-at="2024-03-02T19:19:06 CST" duration-ms="1" status="PASS">
          <reporter-output>
          </reporter-output>
        </test-method> <!-- paymentInRupees -->
      </class> <!-- batch_testing.Payment_Test -->
      <class name="batch_testing.Payment_Return_Test">
        <test-method signature="paymentReturnTest()[pri:0, instance:batch_testing.Payment_Return_Test@436813f3]" started-at="2024-03-02T19:19:06 CST" name="paymentReturnTest" finished-at="2024-03-02T19:19:06 CST" duration-ms="1" status="PASS">
          <reporter-output>
          </reporter-output>
        </test-method> <!-- paymentReturnTest -->
      </class> <!-- batch_testing.Payment_Return_Test -->
    </test> <!-- Test -->
  </suite> <!-- FunctionalTest -->
  <suite started-at="2024-03-02T19:19:06 CST" name="sanity" finished-at="2024-03-02T19:19:06 CST" duration-ms="57">
    <groups>
    </groups>
    <test started-at="2024-03-02T19:19:06 CST" name="Sanity Test" finished-at="2024-03-02T19:19:06 CST" duration-ms="57">
      <class name="batch_testing.Singup_Test">
        <test-method signature="signUpByEmail()[pri:0, instance:batch_testing.Singup_Test@dbf57b3]" started-at="2024-03-02T19:19:06 CST" name="signUpByEmail" finished-at="2024-03-02T19:19:06 CST" duration-ms="2" status="PASS">
          <reporter-output>
          </reporter-output>
        </test-method> <!-- signUpByEmail -->
        <test-method signature="signUpByFacebook()[pri:0, instance:batch_testing.Singup_Test@dbf57b3]" started-at="2024-03-02T19:19:06 CST" name="signUpByFacebook" finished-at="2024-03-02T19:19:06 CST" duration-ms="1" status="PASS">
          <reporter-output>
          </reporter-output>
        </test-method> <!-- signUpByFacebook -->
        <test-method signature="signUpByTwitter()[pri:0, instance:batch_testing.Singup_Test@dbf57b3]" started-at="2024-03-02T19:19:06 CST" name="signUpByTwitter" finished-at="2024-03-02T19:19:06 CST" duration-ms="1" status="PASS">
          <reporter-output>
          </reporter-output>
        </test-method> <!-- signUpByTwitter -->
      </class> <!-- batch_testing.Singup_Test -->
      <class name="batch_testing.Login_Test">
        <test-method signature="loginByEmail()[pri:0, instance:batch_testing.Login_Test@43195e57]" started-at="2024-03-02T19:19:06 CST" name="loginByEmail" finished-at="2024-03-02T19:19:06 CST" duration-ms="11" status="PASS">
          <reporter-output>
          </reporter-output>
        </test-method> <!-- loginByEmail -->
        <test-method signature="loginByFacebook()[pri:0, instance:batch_testing.Login_Test@43195e57]" started-at="2024-03-02T19:19:06 CST" name="loginByFacebook" finished-at="2024-03-02T19:19:06 CST" duration-ms="2" status="PASS">
          <reporter-output>
          </reporter-output>
        </test-method> <!-- loginByFacebook -->
        <test-method signature="loginByTwitter()[pri:0, instance:batch_testing.Login_Test@43195e57]" started-at="2024-03-02T19:19:06 CST" name="loginByTwitter" finished-at="2024-03-02T19:19:06 CST" duration-ms="1" status="PASS">
          <reporter-output>
          </reporter-output>
        </test-method> <!-- loginByTwitter -->
      </class> <!-- batch_testing.Login_Test -->
    </test> <!-- Sanity Test -->
  </suite> <!-- sanity -->
</testng-results>
