<?xml version="1.0" encoding="UTF-8"?>
<!-- Generated by org.testng.reporters.JUnitXMLReporter -->
<testsuite ignored="2" hostname="DESKTOP-JUVN070" failures="0" tests="2" name="Personal Loan test" time="0.168" errors="0" timestamp="2024-08-16T11:21:35 CDT">
  <testcase classname="day01_runtest_demo.Day01_Learning" name="runTestUsingTestNG" time="0.052"/>
  <testcase classname="day01_runtest_demo.Day01_Learning" name="runTestUsingTestNG1" time="0.004"/>
  <testcase classname="day01_runtest_demo.Day01_Learning2" name="runTestUsingTestNG" time="0.0">
    <ignored/>
  </testcase> <!-- runTestUsingTestNG -->
  <testcase classname="day01_runtest_demo.Day01_Learning2" name="runTestUsingTestNG1" time="0.0">
    <ignored/>
  </testcase> <!-- runTestUsingTestNG1 -->
</testsuite> <!-- Personal Loan test -->
